d:\onrg\shepherdingcodes\githubcopy\shepherding-testbeforeupload\shepherdingsimc_v1\debug\shepherdingsimc_v1.pch
d:\onrg\shepherdingcodes\githubcopy\shepherding-testbeforeupload\shepherdingsimc_v1\debug\vc142.pdb
d:\onrg\shepherdingcodes\githubcopy\shepherding-testbeforeupload\shepherdingsimc_v1\debug\vc142.idb
d:\onrg\shepherdingcodes\githubcopy\shepherding-testbeforeupload\shepherdingsimc_v1\debug\pch.sbr
d:\onrg\shepherdingcodes\githubcopy\shepherding-testbeforeupload\shepherdingsimc_v1\debug\pch.obj
d:\onrg\shepherdingcodes\githubcopy\shepherding-testbeforeupload\shepherdingsimc_v1\debug\cli.sbr
d:\onrg\shepherdingcodes\githubcopy\shepherding-testbeforeupload\shepherdingsimc_v1\debug\sim.sbr
d:\onrg\shepherdingcodes\githubcopy\shepherding-testbeforeupload\shepherdingsimc_v1\debug\shepherdingsimc_v1.sbr
d:\onrg\shepherdingcodes\githubcopy\shepherding-testbeforeupload\shepherdingsimc_v1\debug\supportingcalc.sbr
d:\onrg\shepherdingcodes\githubcopy\shepherding-testbeforeupload\shepherdingsimc_v1\debug\visualization.sbr
d:\onrg\shepherdingcodes\githubcopy\shepherding-testbeforeupload\shepherdingsimc_v1\debug\visualization.obj
d:\onrg\shepherdingcodes\githubcopy\shepherding-testbeforeupload\shepherdingsimc_v1\debug\supportingcalc.obj
d:\onrg\shepherdingcodes\githubcopy\shepherding-testbeforeupload\shepherdingsimc_v1\debug\shepherdingsimc_v1.obj
d:\onrg\shepherdingcodes\githubcopy\shepherding-testbeforeupload\shepherdingsimc_v1\debug\sim.obj
d:\onrg\shepherdingcodes\githubcopy\shepherding-testbeforeupload\shepherdingsimc_v1\debug\cli.obj
d:\onrg\shepherdingcodes\githubcopy\shepherding-testbeforeupload\debug\shepherdingsimc_v1.ilk
d:\onrg\shepherdingcodes\githubcopy\shepherding-testbeforeupload\debug\shepherdingsimc_v1.exe
d:\onrg\shepherdingcodes\githubcopy\shepherding-testbeforeupload\debug\shepherdingsimc_v1.pdb
d:\onrg\shepherdingcodes\githubcopy\shepherding-testbeforeupload\debug\shepherdingsimc_v1.lib
d:\onrg\shepherdingcodes\githubcopy\shepherding-testbeforeupload\debug\shepherdingsimc_v1.exp
d:\onrg\shepherdingcodes\githubcopy\shepherding-testbeforeupload\shepherdingsimc_v1\debug\msxml6.tli
d:\onrg\shepherdingcodes\githubcopy\shepherding-testbeforeupload\shepherdingsimc_v1\debug\msxml6.tlh
d:\onrg\shepherdingcodes\githubcopy\shepherding-testbeforeupload\debug\shepherdingsimc_v1.bsc
d:\onrg\shepherdingcodes\githubcopy\shepherding-testbeforeupload\shepherdingsimc_v1\debug\shepherd.4d9fc2a2.tlog\bscmake.command.1.tlog
d:\onrg\shepherdingcodes\githubcopy\shepherding-testbeforeupload\shepherdingsimc_v1\debug\shepherd.4d9fc2a2.tlog\bscmake.read.1.tlog
d:\onrg\shepherdingcodes\githubcopy\shepherding-testbeforeupload\shepherdingsimc_v1\debug\shepherd.4d9fc2a2.tlog\cl.command.1.tlog
d:\onrg\shepherdingcodes\githubcopy\shepherding-testbeforeupload\shepherdingsimc_v1\debug\shepherd.4d9fc2a2.tlog\cl.read.1.tlog
d:\onrg\shepherdingcodes\githubcopy\shepherding-testbeforeupload\shepherdingsimc_v1\debug\shepherd.4d9fc2a2.tlog\cl.write.1.tlog
d:\onrg\shepherdingcodes\githubcopy\shepherding-testbeforeupload\shepherdingsimc_v1\debug\shepherd.4d9fc2a2.tlog\link.command.1.tlog
d:\onrg\shepherdingcodes\githubcopy\shepherding-testbeforeupload\shepherdingsimc_v1\debug\shepherd.4d9fc2a2.tlog\link.read.1.tlog
d:\onrg\shepherdingcodes\githubcopy\shepherding-testbeforeupload\shepherdingsimc_v1\debug\shepherd.4d9fc2a2.tlog\link.write.1.tlog
d:\onrg\shepherdingcodes\githubcopy\shepherding-testbeforeupload\shepherdingsimc_v1\debug\shepherd.4d9fc2a2.tlog\shepherdingsimc_v1.write.1u.tlog
