d:\onrg\shepherdingcodes\githubcopy\shepherding-testbeforeupload\shepherdinglibc\release\shepherdinglibc.pch
d:\onrg\shepherdingcodes\githubcopy\shepherding-testbeforeupload\shepherdinglibc\release\vc142.pdb
d:\onrg\shepherdingcodes\githubcopy\shepherding-testbeforeupload\shepherdinglibc\release\stdafx.obj
d:\onrg\shepherdingcodes\githubcopy\shepherding-testbeforeupload\shepherdinglibc\release\utilities.obj
d:\onrg\shepherdingcodes\githubcopy\shepherding-testbeforeupload\shepherdinglibc\release\traits.obj
d:\onrg\shepherdingcodes\githubcopy\shepherding-testbeforeupload\shepherdinglibc\release\time.obj
d:\onrg\shepherdingcodes\githubcopy\shepherding-testbeforeupload\shepherdinglibc\release\terrain.obj
d:\onrg\shepherdingcodes\githubcopy\shepherding-testbeforeupload\shepherdinglibc\release\shepherdinglibc.obj
d:\onrg\shepherdingcodes\githubcopy\shepherding-testbeforeupload\shepherdinglibc\release\sheepdogagent.obj
d:\onrg\shepherdingcodes\githubcopy\shepherding-testbeforeupload\shepherdinglibc\release\sheepagent.obj
d:\onrg\shepherdingcodes\githubcopy\shepherding-testbeforeupload\shepherdinglibc\release\modules.obj
d:\onrg\shepherdingcodes\githubcopy\shepherding-testbeforeupload\shepherdinglibc\release\flock.obj
d:\onrg\shepherdingcodes\githubcopy\shepherding-testbeforeupload\shepherdinglibc\release\environment.obj
d:\onrg\shepherdingcodes\githubcopy\shepherding-testbeforeupload\shepherdinglibc\release\dllmain.obj
d:\onrg\shepherdingcodes\githubcopy\shepherding-testbeforeupload\shepherdinglibc\release\behaviors.obj
d:\onrg\shepherdingcodes\githubcopy\shepherding-testbeforeupload\shepherdinglibc\release\agents.obj
d:\onrg\shepherdingcodes\githubcopy\shepherding-testbeforeupload\release\shepherdinglibc.dll
d:\onrg\shepherdingcodes\githubcopy\shepherding-testbeforeupload\release\shepherdinglibc.pdb
d:\onrg\shepherdingcodes\githubcopy\shepherding-testbeforeupload\release\shepherdinglibc.lib
d:\onrg\shepherdingcodes\githubcopy\shepherding-testbeforeupload\release\shepherdinglibc.exp
d:\onrg\shepherdingcodes\githubcopy\shepherding-testbeforeupload\release\shepherdinglibc.ipdb
d:\onrg\shepherdingcodes\githubcopy\shepherding-testbeforeupload\release\shepherdinglibc.iobj
d:\onrg\shepherdingcodes\githubcopy\shepherding-testbeforeupload\shepherdinglibc\release\shepherdinglibc.tlog\cl.command.1.tlog
d:\onrg\shepherdingcodes\githubcopy\shepherding-testbeforeupload\shepherdinglibc\release\shepherdinglibc.tlog\cl.read.1.tlog
d:\onrg\shepherdingcodes\githubcopy\shepherding-testbeforeupload\shepherdinglibc\release\shepherdinglibc.tlog\cl.write.1.tlog
d:\onrg\shepherdingcodes\githubcopy\shepherding-testbeforeupload\shepherdinglibc\release\shepherdinglibc.tlog\link.command.1.tlog
d:\onrg\shepherdingcodes\githubcopy\shepherding-testbeforeupload\shepherdinglibc\release\shepherdinglibc.tlog\link.read.1.tlog
d:\onrg\shepherdingcodes\githubcopy\shepherding-testbeforeupload\shepherdinglibc\release\shepherdinglibc.tlog\link.write.1.tlog
d:\onrg\shepherdingcodes\githubcopy\shepherding-testbeforeupload\shepherdinglibc\release\shepherdinglibc.tlog\shepherdinglibc.write.1u.tlog
