d:\onrg\shepherdingcodes\githubcopy\shepherding-testbeforeupload\shepherdinglibc\debug\shepherdinglibc.pch
d:\onrg\shepherdingcodes\githubcopy\shepherding-testbeforeupload\shepherdinglibc\debug\vc142.pdb
d:\onrg\shepherdingcodes\githubcopy\shepherding-testbeforeupload\shepherdinglibc\debug\vc142.idb
d:\onrg\shepherdingcodes\githubcopy\shepherding-testbeforeupload\shepherdinglibc\debug\stdafx.sbr
d:\onrg\shepherdingcodes\githubcopy\shepherding-testbeforeupload\shepherdinglibc\debug\stdafx.obj
d:\onrg\shepherdingcodes\githubcopy\shepherding-testbeforeupload\shepherdinglibc\debug\agents.sbr
d:\onrg\shepherdingcodes\githubcopy\shepherding-testbeforeupload\shepherdinglibc\debug\behaviors.sbr
d:\onrg\shepherdingcodes\githubcopy\shepherding-testbeforeupload\shepherdinglibc\debug\dllmain.sbr
d:\onrg\shepherdingcodes\githubcopy\shepherding-testbeforeupload\shepherdinglibc\debug\environment.sbr
d:\onrg\shepherdingcodes\githubcopy\shepherding-testbeforeupload\shepherdinglibc\debug\flock.sbr
d:\onrg\shepherdingcodes\githubcopy\shepherding-testbeforeupload\shepherdinglibc\debug\modules.sbr
d:\onrg\shepherdingcodes\githubcopy\shepherding-testbeforeupload\shepherdinglibc\debug\sheepagent.sbr
d:\onrg\shepherdingcodes\githubcopy\shepherding-testbeforeupload\shepherdinglibc\debug\sheepdogagent.sbr
d:\onrg\shepherdingcodes\githubcopy\shepherding-testbeforeupload\shepherdinglibc\debug\shepherdinglibc.sbr
d:\onrg\shepherdingcodes\githubcopy\shepherding-testbeforeupload\shepherdinglibc\debug\terrain.sbr
d:\onrg\shepherdingcodes\githubcopy\shepherding-testbeforeupload\shepherdinglibc\debug\traits.sbr
d:\onrg\shepherdingcodes\githubcopy\shepherding-testbeforeupload\shepherdinglibc\debug\utilities.sbr
d:\onrg\shepherdingcodes\githubcopy\shepherding-testbeforeupload\shepherdinglibc\debug\utilities.obj
d:\onrg\shepherdingcodes\githubcopy\shepherding-testbeforeupload\shepherdinglibc\debug\traits.obj
d:\onrg\shepherdingcodes\githubcopy\shepherding-testbeforeupload\shepherdinglibc\debug\terrain.obj
d:\onrg\shepherdingcodes\githubcopy\shepherding-testbeforeupload\shepherdinglibc\debug\shepherdinglibc.obj
d:\onrg\shepherdingcodes\githubcopy\shepherding-testbeforeupload\shepherdinglibc\debug\sheepdogagent.obj
d:\onrg\shepherdingcodes\githubcopy\shepherding-testbeforeupload\shepherdinglibc\debug\sheepagent.obj
d:\onrg\shepherdingcodes\githubcopy\shepherding-testbeforeupload\shepherdinglibc\debug\modules.obj
d:\onrg\shepherdingcodes\githubcopy\shepherding-testbeforeupload\shepherdinglibc\debug\flock.obj
d:\onrg\shepherdingcodes\githubcopy\shepherding-testbeforeupload\shepherdinglibc\debug\environment.obj
d:\onrg\shepherdingcodes\githubcopy\shepherding-testbeforeupload\shepherdinglibc\debug\dllmain.obj
d:\onrg\shepherdingcodes\githubcopy\shepherding-testbeforeupload\shepherdinglibc\debug\behaviors.obj
d:\onrg\shepherdingcodes\githubcopy\shepherding-testbeforeupload\shepherdinglibc\debug\agents.obj
d:\onrg\shepherdingcodes\githubcopy\shepherding-testbeforeupload\shepherdinglibc\debug\time.sbr
d:\onrg\shepherdingcodes\githubcopy\shepherding-testbeforeupload\shepherdinglibc\debug\time.obj
d:\onrg\shepherdingcodes\githubcopy\shepherding-testbeforeupload\debug\shepherdinglibc.dll
d:\onrg\shepherdingcodes\githubcopy\shepherding-testbeforeupload\debug\shepherdinglibc.ilk
d:\onrg\shepherdingcodes\githubcopy\shepherding-testbeforeupload\debug\shepherdinglibc.pdb
d:\onrg\shepherdingcodes\githubcopy\shepherding-testbeforeupload\debug\shepherdinglibc.lib
d:\onrg\shepherdingcodes\githubcopy\shepherding-testbeforeupload\debug\shepherdinglibc.exp
d:\onrg\shepherdingcodes\githubcopy\shepherding-testbeforeupload\debug\shepherdinglibc.bsc
d:\onrg\shepherdingcodes\githubcopy\shepherding-testbeforeupload\shepherdinglibc\debug\shepherdinglibc.tlog\bscmake.command.1.tlog
d:\onrg\shepherdingcodes\githubcopy\shepherding-testbeforeupload\shepherdinglibc\debug\shepherdinglibc.tlog\bscmake.read.1.tlog
d:\onrg\shepherdingcodes\githubcopy\shepherding-testbeforeupload\shepherdinglibc\debug\shepherdinglibc.tlog\cl.command.1.tlog
d:\onrg\shepherdingcodes\githubcopy\shepherding-testbeforeupload\shepherdinglibc\debug\shepherdinglibc.tlog\cl.read.1.tlog
d:\onrg\shepherdingcodes\githubcopy\shepherding-testbeforeupload\shepherdinglibc\debug\shepherdinglibc.tlog\cl.write.1.tlog
d:\onrg\shepherdingcodes\githubcopy\shepherding-testbeforeupload\shepherdinglibc\debug\shepherdinglibc.tlog\link.command.1.tlog
d:\onrg\shepherdingcodes\githubcopy\shepherding-testbeforeupload\shepherdinglibc\debug\shepherdinglibc.tlog\link.read.1.tlog
d:\onrg\shepherdingcodes\githubcopy\shepherding-testbeforeupload\shepherdinglibc\debug\shepherdinglibc.tlog\link.write.1.tlog
d:\onrg\shepherdingcodes\githubcopy\shepherding-testbeforeupload\shepherdinglibc\debug\shepherdinglibc.tlog\shepherdinglibc.write.1u.tlog
